2025-03-10 02:36:22 Loading main app package /usr/lib/obsidian/obsidian.asar
2025-03-10 02:36:23 Checking for update using Github
2025-03-10 02:36:23 Success.
2025-03-10 02:36:23 Latest version is 1.8.9
2025-03-10 02:36:23 App is up to date.
2025-03-10 02:36:48 Loading main app package /usr/lib/obsidian/obsidian.asar
2025-03-10 02:36:48 Checking for update using Github
2025-03-10 02:36:48 Success.
2025-03-10 02:36:48 Latest version is 1.8.9
2025-03-10 02:36:48 App is up to date.
2025-03-10 02:42:10 Loading main app package /usr/lib/obsidian/obsidian.asar
2025-03-10 02:42:10 Checking for update using Github
2025-03-10 02:42:10 Success.
2025-03-10 02:42:10 Latest version is 1.8.9
2025-03-10 02:42:10 App is up to date.
2025-03-10 02:44:52 Loading main app package /usr/lib/obsidian/obsidian.asar
2025-03-10 02:44:53 Checking for update using Github
2025-03-10 02:44:53 Success.
2025-03-10 02:44:53 Latest version is 1.8.9
2025-03-10 02:44:53 App is up to date.
2025-03-10 02:46:38 Loading main app package /usr/lib/obsidian/obsidian.asar
2025-03-10 02:46:38 Checking for update using Github
2025-03-10 02:46:38 Success.
2025-03-10 02:46:38 Latest version is 1.8.9
2025-03-10 02:46:38 App is up to date.
2025-03-10 02:49:00 Loading main app package /usr/lib/obsidian/obsidian.asar
2025-03-10 02:49:01 Checking for update using Github
2025-03-10 02:49:01 Success.
2025-03-10 02:49:01 Latest version is 1.8.9
2025-03-10 02:49:01 App is up to date.
2025-03-10 02:52:33 Loading main app package /usr/lib/obsidian/obsidian.asar
2025-03-10 02:52:33 Checking for update using Github
2025-03-10 03:28:57 Loading main app package /usr/lib/obsidian/obsidian.asar
2025-03-10 03:28:57 Checking for update using Github
2025-03-10 03:29:02 Success.
2025-03-10 03:29:02 Latest version is 1.8.9
2025-03-10 03:29:02 App is up to date.
2025-03-11 03:27:26 Loading main app package /usr/lib/obsidian/obsidian.asar
2025-03-11 03:27:27 Checking for update using Github
2025-03-11 03:27:27 Failed to check for update using Github (net::ERR_INTERNET_DISCONNECTED)
2025-03-11 03:27:27 Checking for update using obsidian.md
2025-03-11 03:27:27 Failed to check for update using obsidian.md (net::ERR_INTERNET_DISCONNECTED)
2025-03-11 03:36:25 Loading main app package /usr/lib/obsidian/obsidian.asar
2025-03-11 03:36:25 Checking for update using Github
2025-03-11 03:36:26 Success.
2025-03-11 03:36:26 Latest version is 1.8.9
2025-03-11 03:36:26 App is up to date.
2025-03-11 03:46:03 Loading main app package /usr/lib/obsidian/obsidian.asar
2025-03-11 03:46:03 Checking for update using Github
2025-03-11 03:46:03 Success.
2025-03-11 03:46:03 Latest version is 1.8.9
2025-03-11 03:46:03 App is up to date.
2025-03-11 03:47:27 Loading main app package /usr/lib/obsidian/obsidian.asar
2025-03-11 03:47:28 Checking for update using Github
2025-03-11 03:47:28 Success.
2025-03-11 03:47:28 Latest version is 1.8.9
2025-03-11 03:47:28 App is up to date.
2025-03-11 03:47:53 Loading main app package /usr/lib/obsidian/obsidian.asar
2025-03-11 03:47:54 Checking for update using Github
2025-03-11 03:47:54 Success.
2025-03-11 03:47:54 Latest version is 1.8.9
2025-03-11 03:47:54 App is up to date.
2025-03-11 03:49:19 Loading main app package /usr/lib/obsidian/obsidian.asar
2025-03-11 03:49:19 Checking for update using Github
2025-03-11 03:49:19 Success.
2025-03-11 03:49:19 Latest version is 1.8.9
2025-03-11 03:49:19 App is up to date.
2025-03-11 03:51:24 Loading main app package /usr/lib/obsidian/obsidian.asar
2025-03-11 03:51:24 Checking for update using Github
2025-03-11 03:51:24 Success.
2025-03-11 03:51:24 Latest version is 1.8.9
2025-03-11 03:51:24 App is up to date.
2025-03-11 03:51:37 Loading main app package /usr/lib/obsidian/obsidian.asar
2025-03-11 03:51:37 Checking for update using Github
2025-03-11 03:51:37 Success.
2025-03-11 03:51:37 Latest version is 1.8.9
2025-03-11 03:51:37 App is up to date.
2025-03-15 06:38:00 Loading main app package /usr/lib/obsidian/obsidian.asar
2025-03-15 06:38:01 Checking for update using Github
2025-03-15 06:38:01 Success.
2025-03-15 06:38:01 Latest version is 1.8.9
2025-03-15 06:38:01 App is up to date.
2025-03-16 11:18:45 Loading main app package /usr/lib/obsidian/obsidian.asar
2025-03-16 11:18:45 Checking for update using Github
2025-03-16 11:18:46 Success.
2025-03-16 11:18:46 Latest version is 1.8.9
2025-03-16 11:18:46 App is up to date.
2025-03-16 11:21:20 Checking for update using Github
2025-03-16 11:21:20 Success.
2025-03-16 11:21:20 Latest version is 1.8.9
2025-03-16 11:21:20 App is up to date.
2025-03-16 11:21:23 Checking for update using Github
2025-03-16 11:21:23 Success.
2025-03-16 11:21:23 Latest version is 1.8.9
2025-03-16 11:21:23 App is up to date.
